This file contains any messages produced by compilers while
running configure, to aid debugging if configure makes a mistake.

It was created by kint configure 0.3, which was
generated by GNU Autoconf 2.68.  Invocation command line was

  $ ../configure 

## --------- ##
## Platform. ##
## --------- ##

hostname = hellokbuild2
uname -m = i686
uname -r = 3.8.0-35-generic
uname -s = Linux
uname -v = #50~precise1-Ubuntu SMP Wed Dec 4 17:28:45 UTC 2013

/usr/bin/uname -p = unknown
/bin/uname -X     = unknown

/bin/arch              = unknown
/usr/bin/arch -k       = unknown
/usr/convex/getsysinfo = unknown
/usr/bin/hostinfo      = unknown
/bin/machine           = unknown
/usr/bin/oslevel       = unknown
/bin/universe          = unknown

PATH: /home/hellok/bin
PATH: /home/hellok/.rvm/gems/ruby-2.0.0-p353/bin
PATH: /home/hellok/.rvm/gems/ruby-2.0.0-p353@global/bin
PATH: /home/hellok/.rvm/rubies/ruby-2.0.0-p353/bin
PATH: /home/hellok/.rvm/bin
PATH: /home/hellok/bin
PATH: /usr/local/sbin
PATH: /usr/local/bin
PATH: /usr/sbin
PATH: /usr/bin
PATH: /sbin
PATH: /bin
PATH: /usr/games
PATH: /home/hellok/.rvm/bin


## ----------- ##
## Core tests. ##
## ----------- ##

configure:2132: loading site script /usr/local/share/config.site
| CPPFLAGS="$CPPFLAGS -I/home/hellok/llvm/include"
configure:2276: checking for a BSD-compatible install
configure:2344: result: /usr/bin/install -c
configure:2355: checking whether build environment is sane
configure:2405: result: yes
configure:2546: checking for a thread-safe mkdir -p
configure:2585: result: /bin/mkdir -p
configure:2598: checking for gawk
configure:2614: found /usr/bin/gawk
configure:2625: result: gawk
configure:2636: checking whether make sets $(MAKE)
configure:2658: result: yes
configure:2749: checking whether make supports nested variables
configure:2766: result: yes
configure:2791: checking for style of include used by make
configure:2819: result: GNU
configure:2890: checking for gcc
configure:2906: found /usr/bin/gcc
configure:2917: result: gcc
configure:3146: checking for C compiler version
configure:3155: gcc --version >&5
gcc (Ubuntu/Linaro 4.7.3-1ubuntu1) 4.7.3
Copyright (C) 2012 Free Software Foundation, Inc.
This is free software; see the source for copying conditions.  There is NO
warranty; not even for MERCHANTABILITY or FITNESS FOR A PARTICULAR PURPOSE.

configure:3166: $? = 0
configure:3155: gcc -v >&5
Using built-in specs.
COLLECT_GCC=gcc
COLLECT_LTO_WRAPPER=/usr/lib/gcc/i686-linux-gnu/4.7/lto-wrapper
Target: i686-linux-gnu
Configured with: ../src/configure -v --with-pkgversion='Ubuntu/Linaro 4.7.3-1ubuntu1' --with-bugurl=file:///usr/share/doc/gcc-4.7/README.Bugs --enable-languages=c,c++,go,fortran,objc,obj-c++ --prefix=/usr --program-suffix=-4.7 --enable-shared --enable-linker-build-id --libexecdir=/usr/lib --without-included-gettext --enable-threads=posix --with-gxx-include-dir=/usr/include/c++/4.7 --libdir=/usr/lib --enable-nls --with-sysroot=/ --enable-clocale=gnu --enable-libstdcxx-debug --enable-libstdcxx-time=yes --enable-gnu-unique-object --enable-plugin --with-system-zlib --enable-objc-gc --enable-targets=all --with-cloog --enable-cloog-backend=ppl --disable-cloog-version-check --disable-ppl-version-check --enable-multiarch --disable-werror --with-arch-32=i686 --with-multilib-list=m32,m64,mx32 --with-tune=generic --enable-checking=release --build=i686-linux-gnu --host=i686-linux-gnu --target=i686-linux-gnu
Thread model: posix
gcc version 4.7.3 (Ubuntu/Linaro 4.7.3-1ubuntu1) 
configure:3166: $? = 0
configure:3155: gcc -V >&5
gcc: error: unrecognized command line option '-V'
gcc: fatal error: no input files
compilation terminated.
configure:3166: $? = 4
configure:3155: gcc -qversion >&5
gcc: error: unrecognized command line option '-qversion'
gcc: fatal error: no input files
compilation terminated.
configure:3166: $? = 4
configure:3186: checking whether the C compiler works
configure:3208: gcc   -I/home/hellok/llvm/include  conftest.c  >&5
configure:3212: $? = 0
configure:3260: result: yes
configure:3263: checking for C compiler default output file name
configure:3265: result: a.out
configure:3271: checking for suffix of executables
configure:3278: gcc -o conftest   -I/home/hellok/llvm/include  conftest.c  >&5
configure:3282: $? = 0
configure:3304: result: 
configure:3326: checking whether we are cross compiling
configure:3334: gcc -o conftest   -I/home/hellok/llvm/include  conftest.c  >&5
configure:3338: $? = 0
configure:3345: ./conftest
configure:3349: $? = 0
configure:3364: result: no
configure:3369: checking for suffix of object files
configure:3391: gcc -c   -I/home/hellok/llvm/include conftest.c >&5
configure:3395: $? = 0
configure:3416: result: o
configure:3420: checking whether we are using the GNU C compiler
configure:3439: gcc -c   -I/home/hellok/llvm/include conftest.c >&5
configure:3439: $? = 0
configure:3448: result: yes
configure:3457: checking whether gcc accepts -g
configure:3477: gcc -c -g  -I/home/hellok/llvm/include conftest.c >&5
configure:3477: $? = 0
configure:3518: result: yes
configure:3535: checking for gcc option to accept ISO C89
configure:3599: gcc  -c -g -O2  -I/home/hellok/llvm/include conftest.c >&5
configure:3599: $? = 0
configure:3612: result: none needed
configure:3634: checking dependency style of gcc
configure:3745: result: gcc3
configure:3761: checking whether gcc and cc understand -c and -o together
configure:3792: gcc -c conftest.c -o conftest2.o >&5
configure:3796: $? = 0
configure:3802: gcc -c conftest.c -o conftest2.o >&5
configure:3806: $? = 0
configure:3817: cc -c conftest.c >&5
configure:3821: $? = 0
configure:3829: cc -c conftest.c -o conftest2.o >&5
configure:3833: $? = 0
configure:3839: cc -c conftest.c -o conftest2.o >&5
configure:3843: $? = 0
configure:3861: result: yes
configure:3944: checking for g++
configure:3960: found /usr/bin/g++
configure:3971: result: g++
configure:3998: checking for C++ compiler version
configure:4007: g++ --version >&5
g++ (Ubuntu/Linaro 4.6.3-1ubuntu5) 4.6.3
Copyright (C) 2011 Free Software Foundation, Inc.
This is free software; see the source for copying conditions.  There is NO
warranty; not even for MERCHANTABILITY or FITNESS FOR A PARTICULAR PURPOSE.

configure:4018: $? = 0
configure:4007: g++ -v >&5
Using built-in specs.
COLLECT_GCC=g++
COLLECT_LTO_WRAPPER=/usr/lib/gcc/i686-linux-gnu/4.6/lto-wrapper
Target: i686-linux-gnu
Configured with: ../src/configure -v --with-pkgversion='Ubuntu/Linaro 4.6.3-1ubuntu5' --with-bugurl=file:///usr/share/doc/gcc-4.6/README.Bugs --enable-languages=c,c++,fortran,objc,obj-c++ --prefix=/usr --program-suffix=-4.6 --enable-shared --enable-linker-build-id --with-system-zlib --libexecdir=/usr/lib --without-included-gettext --enable-threads=posix --with-gxx-include-dir=/usr/include/c++/4.6 --libdir=/usr/lib --enable-nls --with-sysroot=/ --enable-clocale=gnu --enable-libstdcxx-debug --enable-libstdcxx-time=yes --enable-gnu-unique-object --enable-plugin --enable-objc-gc --enable-targets=all --disable-werror --with-arch-32=i686 --with-tune=generic --enable-checking=release --build=i686-linux-gnu --host=i686-linux-gnu --target=i686-linux-gnu
Thread model: posix
gcc version 4.6.3 (Ubuntu/Linaro 4.6.3-1ubuntu5) 
configure:4018: $? = 0
configure:4007: g++ -V >&5
g++: error: unrecognized option '-V'
g++: fatal error: no input files
compilation terminated.
configure:4018: $? = 4
configure:4007: g++ -qversion >&5
g++: error: unrecognized option '-qversion'
g++: fatal error: no input files
compilation terminated.
configure:4018: $? = 4
configure:4022: checking whether we are using the GNU C++ compiler
configure:4041: g++ -c   -I/home/hellok/llvm/include conftest.cpp >&5
configure:4041: $? = 0
configure:4050: result: yes
configure:4059: checking whether g++ accepts -g
configure:4079: g++ -c -g  -I/home/hellok/llvm/include conftest.cpp >&5
configure:4079: $? = 0
configure:4120: result: yes
configure:4145: checking dependency style of g++
configure:4256: result: gcc3
configure:4321: checking for ar
configure:4337: found /usr/bin/ar
configure:4348: result: ar
configure:4374: checking the archiver (ar) interface
configure:4384: gcc -c -g -O2  -I/home/hellok/llvm/include conftest.c >&5
configure:4384: $? = 0
configure:4386: ar cru libconftest.a conftest.o >&5
configure:4389: $? = 0
configure:4412: result: ar
configure:4432: checking whether ln -s works
configure:4436: result: yes
configure:4444: checking for a sed that does not truncate output
configure:4508: result: /bin/sed
configure:4543: checking build system type
configure:4557: result: i686-pc-linux-gnu
configure:4577: checking host system type
configure:4590: result: i686-pc-linux-gnu
configure:4631: checking how to print strings
configure:4658: result: printf
configure:4679: checking for a sed that does not truncate output
configure:4743: result: /bin/sed
configure:4761: checking for grep that handles long lines and -e
configure:4819: result: /bin/grep
configure:4824: checking for egrep
configure:4886: result: /bin/grep -E
configure:4891: checking for fgrep
configure:4953: result: /bin/grep -F
configure:4988: checking for ld used by gcc
configure:5055: result: /usr/bin/ld
configure:5062: checking if the linker (/usr/bin/ld) is GNU ld
configure:5077: result: yes
configure:5089: checking for BSD- or MS-compatible name lister (nm)
configure:5138: result: /usr/bin/nm -B
configure:5268: checking the name lister (/usr/bin/nm -B) interface
configure:5275: gcc -c -g -O2  -I/home/hellok/llvm/include conftest.c >&5
configure:5278: /usr/bin/nm -B "conftest.o"
configure:5281: output
00000000 B some_variable
configure:5288: result: BSD nm
configure:5292: checking the maximum length of command line arguments
configure:5422: result: 1572864
configure:5439: checking whether the shell understands some XSI constructs
configure:5449: result: yes
configure:5453: checking whether the shell understands "+="
configure:5459: result: yes
configure:5494: checking how to convert i686-pc-linux-gnu file names to i686-pc-linux-gnu format
configure:5534: result: func_convert_file_noop
configure:5541: checking how to convert i686-pc-linux-gnu file names to toolchain format
configure:5561: result: func_convert_file_noop
configure:5568: checking for /usr/bin/ld option to reload object files
configure:5575: result: -r
configure:5649: checking for objdump
configure:5665: found /usr/bin/objdump
configure:5676: result: objdump
configure:5708: checking how to recognize dependent libraries
configure:5910: result: pass_all
configure:5995: checking for dlltool
configure:6025: result: no
configure:6055: checking how to associate runtime and link libraries
configure:6082: result: printf %s\n
configure:6206: checking for archiver @FILE support
configure:6223: gcc -c -g -O2  -I/home/hellok/llvm/include conftest.c >&5
configure:6223: $? = 0
configure:6226: ar cru libconftest.a @conftest.lst >&5
configure:6229: $? = 0
configure:6234: ar cru libconftest.a @conftest.lst >&5
ar: conftest.o: No such file or directory
configure:6237: $? = 1
configure:6249: result: @
configure:6307: checking for strip
configure:6323: found /usr/bin/strip
configure:6334: result: strip
configure:6406: checking for ranlib
configure:6422: found /usr/bin/ranlib
configure:6433: result: ranlib
configure:6535: checking command to parse /usr/bin/nm -B output from gcc object
configure:6655: gcc -c -g -O2  -I/home/hellok/llvm/include conftest.c >&5
configure:6658: $? = 0
configure:6662: /usr/bin/nm -B conftest.o \| sed -n -e 's/^.*[ ]\([ABCDGIRSTW][ABCDGIRSTW]*\)[ ][ ]*\([_A-Za-z][_A-Za-z0-9]*\)$/\1 \2 \2/p' | sed '/ __gnu_lto/d' \> conftest.nm
configure:6665: $? = 0
configure:6731: gcc -o conftest -g -O2  -I/home/hellok/llvm/include  conftest.c conftstm.o >&5
configure:6734: $? = 0
configure:6772: result: ok
configure:6809: checking for sysroot
configure:6839: result: no
configure:7095: checking for mt
configure:7111: found /bin/mt
configure:7122: result: mt
configure:7145: checking if mt is a manifest tool
configure:7151: mt '-?'
configure:7159: result: no
configure:7801: checking how to run the C preprocessor
configure:7832: gcc -E  -I/home/hellok/llvm/include conftest.c
configure:7832: $? = 0
configure:7846: gcc -E  -I/home/hellok/llvm/include conftest.c
conftest.c:11:28: fatal error: ac_nonexistent.h: No such file or directory
compilation terminated.
configure:7846: $? = 1
configure: failed program was:
| /* confdefs.h */
| #define PACKAGE_NAME "kint"
| #define PACKAGE_TARNAME "kint"
| #define PACKAGE_VERSION "0.3"
| #define PACKAGE_STRING "kint 0.3"
| #define PACKAGE_BUGREPORT "int@pdos.csail.mit.edu"
| #define PACKAGE_URL ""
| #define PACKAGE "kint"
| #define VERSION "0.3"
| /* end confdefs.h.  */
| #include <ac_nonexistent.h>
configure:7871: result: gcc -E
configure:7891: gcc -E  -I/home/hellok/llvm/include conftest.c
configure:7891: $? = 0
configure:7905: gcc -E  -I/home/hellok/llvm/include conftest.c
conftest.c:11:28: fatal error: ac_nonexistent.h: No such file or directory
compilation terminated.
configure:7905: $? = 1
configure: failed program was:
| /* confdefs.h */
| #define PACKAGE_NAME "kint"
| #define PACKAGE_TARNAME "kint"
| #define PACKAGE_VERSION "0.3"
| #define PACKAGE_STRING "kint 0.3"
| #define PACKAGE_BUGREPORT "int@pdos.csail.mit.edu"
| #define PACKAGE_URL ""
| #define PACKAGE "kint"
| #define VERSION "0.3"
| /* end confdefs.h.  */
| #include <ac_nonexistent.h>
configure:7934: checking for ANSI C header files
configure:7954: gcc -c -g -O2  -I/home/hellok/llvm/include conftest.c >&5
configure:7954: $? = 0
configure:8027: gcc -o conftest -g -O2  -I/home/hellok/llvm/include  conftest.c  >&5
configure:8027: $? = 0
configure:8027: ./conftest
configure:8027: $? = 0
configure:8038: result: yes
configure:8051: checking for sys/types.h
configure:8051: gcc -c -g -O2  -I/home/hellok/llvm/include conftest.c >&5
configure:8051: $? = 0
configure:8051: result: yes
configure:8051: checking for sys/stat.h
configure:8051: gcc -c -g -O2  -I/home/hellok/llvm/include conftest.c >&5
configure:8051: $? = 0
configure:8051: result: yes
configure:8051: checking for stdlib.h
configure:8051: gcc -c -g -O2  -I/home/hellok/llvm/include conftest.c >&5
configure:8051: $? = 0
configure:8051: result: yes
configure:8051: checking for string.h
configure:8051: gcc -c -g -O2  -I/home/hellok/llvm/include conftest.c >&5
configure:8051: $? = 0
configure:8051: result: yes
configure:8051: checking for memory.h
configure:8051: gcc -c -g -O2  -I/home/hellok/llvm/include conftest.c >&5
configure:8051: $? = 0
configure:8051: result: yes
configure:8051: checking for strings.h
configure:8051: gcc -c -g -O2  -I/home/hellok/llvm/include conftest.c >&5
configure:8051: $? = 0
configure:8051: result: yes
configure:8051: checking for inttypes.h
configure:8051: gcc -c -g -O2  -I/home/hellok/llvm/include conftest.c >&5
configure:8051: $? = 0
configure:8051: result: yes
configure:8051: checking for stdint.h
configure:8051: gcc -c -g -O2  -I/home/hellok/llvm/include conftest.c >&5
configure:8051: $? = 0
configure:8051: result: yes
configure:8051: checking for unistd.h
configure:8051: gcc -c -g -O2  -I/home/hellok/llvm/include conftest.c >&5
configure:8051: $? = 0
configure:8051: result: yes
configure:8065: checking for dlfcn.h
configure:8065: gcc -c -g -O2  -I/home/hellok/llvm/include conftest.c >&5
configure:8065: $? = 0
configure:8065: result: yes
configure:8280: checking for objdir
configure:8295: result: .libs
configure:8562: checking if gcc supports -fno-rtti -fno-exceptions
configure:8580: gcc -c -g -O2  -I/home/hellok/llvm/include -fno-rtti -fno-exceptions conftest.c >&5
cc1: warning: command line option '-fno-rtti' is valid for C++/ObjC++ but not for C [enabled by default]
configure:8584: $? = 0
configure:8597: result: no
configure:8924: checking for gcc option to produce PIC
configure:8931: result: -fPIC -DPIC
configure:8939: checking if gcc PIC flag -fPIC -DPIC works
configure:8957: gcc -c -g -O2  -I/home/hellok/llvm/include -fPIC -DPIC -DPIC conftest.c >&5
configure:8961: $? = 0
configure:8974: result: yes
configure:9003: checking if gcc static flag -static works
configure:9031: result: yes
configure:9046: checking if gcc supports -c -o file.o
configure:9067: gcc -c -g -O2  -I/home/hellok/llvm/include -o out/conftest2.o conftest.c >&5
configure:9071: $? = 0
configure:9093: result: yes
configure:9101: checking if gcc supports -c -o file.o
configure:9148: result: yes
configure:9181: checking whether the gcc linker (/usr/bin/ld) supports shared libraries
configure:10338: result: yes
configure:10375: checking whether -lc should be explicitly linked in
configure:10383: gcc -c -g -O2  -I/home/hellok/llvm/include conftest.c >&5
configure:10386: $? = 0
configure:10401: gcc -shared  -fPIC -DPIC conftest.o  -v -Wl,-soname -Wl,conftest -o conftest 2\>\&1 \| /bin/grep  -lc  \>/dev/null 2\>\&1
configure:10404: $? = 0
configure:10418: result: no
configure:10578: checking dynamic linker characteristics
configure:11089: gcc -o conftest -g -O2  -I/home/hellok/llvm/include  -Wl,-rpath -Wl,/foo conftest.c  >&5
configure:11089: $? = 0
configure:11323: result: GNU/Linux ld.so
configure:11430: checking how to hardcode library paths into programs
configure:11455: result: immediate
configure:11995: checking whether stripping libraries is possible
configure:12000: result: yes
configure:12035: checking if libtool supports shared libraries
configure:12037: result: yes
configure:12040: checking whether to build shared libraries
configure:12061: result: yes
configure:12064: checking whether to build static libraries
configure:12068: result: no
configure:12091: checking how to run the C++ preprocessor
configure:12118: g++ -E  -I/home/hellok/llvm/include conftest.cpp
configure:12118: $? = 0
configure:12132: g++ -E  -I/home/hellok/llvm/include conftest.cpp
conftest.cpp:23:28: fatal error: ac_nonexistent.h: No such file or directory
compilation terminated.
configure:12132: $? = 1
configure: failed program was:
| /* confdefs.h */
| #define PACKAGE_NAME "kint"
| #define PACKAGE_TARNAME "kint"
| #define PACKAGE_VERSION "0.3"
| #define PACKAGE_STRING "kint 0.3"
| #define PACKAGE_BUGREPORT "int@pdos.csail.mit.edu"
| #define PACKAGE_URL ""
| #define PACKAGE "kint"
| #define VERSION "0.3"
| #define STDC_HEADERS 1
| #define HAVE_SYS_TYPES_H 1
| #define HAVE_SYS_STAT_H 1
| #define HAVE_STDLIB_H 1
| #define HAVE_STRING_H 1
| #define HAVE_MEMORY_H 1
| #define HAVE_STRINGS_H 1
| #define HAVE_INTTYPES_H 1
| #define HAVE_STDINT_H 1
| #define HAVE_UNISTD_H 1
| #define HAVE_DLFCN_H 1
| #define LT_OBJDIR ".libs/"
| /* end confdefs.h.  */
| #include <ac_nonexistent.h>
configure:12157: result: g++ -E
configure:12177: g++ -E  -I/home/hellok/llvm/include conftest.cpp
configure:12177: $? = 0
configure:12191: g++ -E  -I/home/hellok/llvm/include conftest.cpp
conftest.cpp:23:28: fatal error: ac_nonexistent.h: No such file or directory
compilation terminated.
configure:12191: $? = 1
configure: failed program was:
| /* confdefs.h */
| #define PACKAGE_NAME "kint"
| #define PACKAGE_TARNAME "kint"
| #define PACKAGE_VERSION "0.3"
| #define PACKAGE_STRING "kint 0.3"
| #define PACKAGE_BUGREPORT "int@pdos.csail.mit.edu"
| #define PACKAGE_URL ""
| #define PACKAGE "kint"
| #define VERSION "0.3"
| #define STDC_HEADERS 1
| #define HAVE_SYS_TYPES_H 1
| #define HAVE_SYS_STAT_H 1
| #define HAVE_STDLIB_H 1
| #define HAVE_STRING_H 1
| #define HAVE_MEMORY_H 1
| #define HAVE_STRINGS_H 1
| #define HAVE_INTTYPES_H 1
| #define HAVE_STDINT_H 1
| #define HAVE_UNISTD_H 1
| #define HAVE_DLFCN_H 1
| #define LT_OBJDIR ".libs/"
| /* end confdefs.h.  */
| #include <ac_nonexistent.h>
configure:12360: checking for ld used by g++
configure:12427: result: /usr/bin/ld
configure:12434: checking if the linker (/usr/bin/ld) is GNU ld
configure:12449: result: yes
configure:12504: checking whether the g++ linker (/usr/bin/ld) supports shared libraries
configure:13509: result: yes
configure:13545: g++ -c -g -O2  -I/home/hellok/llvm/include conftest.cpp >&5
configure:13548: $? = 0
configure:14068: checking for g++ option to produce PIC
configure:14075: result: -fPIC -DPIC
configure:14083: checking if g++ PIC flag -fPIC -DPIC works
configure:14101: g++ -c -g -O2  -I/home/hellok/llvm/include -fPIC -DPIC -DPIC conftest.cpp >&5
configure:14105: $? = 0
configure:14118: result: yes
configure:14141: checking if g++ static flag -static works
configure:14169: result: yes
configure:14181: checking if g++ supports -c -o file.o
configure:14202: g++ -c -g -O2  -I/home/hellok/llvm/include -o out/conftest2.o conftest.cpp >&5
configure:14206: $? = 0
configure:14228: result: yes
configure:14233: checking if g++ supports -c -o file.o
configure:14280: result: yes
configure:14310: checking whether the g++ linker (/usr/bin/ld) supports shared libraries
configure:14349: result: yes
configure:14490: checking dynamic linker characteristics
configure:15169: result: GNU/Linux ld.so
configure:15222: checking how to hardcode library paths into programs
configure:15247: result: immediate
configure:15448: creating ./config.status

## ---------------------- ##
## Running config.status. ##
## ---------------------- ##

This file was extended by kint config.status 0.3, which was
generated by GNU Autoconf 2.68.  Invocation command line was

  CONFIG_FILES    = 
  CONFIG_HEADERS  = 
  CONFIG_LINKS    = 
  CONFIG_COMMANDS = 
  $ ./config.status 

on hellokbuild2

config.status:1174: creating Makefile
config.status:1174: creating lib/Makefile
config.status:1174: creating src/Makefile
config.status:1174: creating test/Makefile
config.status:1174: creating test/lit.cfg
config.status:1174: creating doc/Makefile
config.status:1174: creating config.h
config.status:1400: linking ../test/kint-cc1 to bin/kint-cc1
config.status:1400: linking ../test/kint-gcc to bin/kint-gcc
config.status:1400: linking ../test/kint-g++ to bin/kint-g++
config.status:1400: linking ../test/kint-build to bin/kint-build
config.status:1400: linking ../src/ncpu to bin/ncpu
config.status:1400: linking ../src/intck to bin/intck
config.status:1400: linking ../src/cmpck to bin/cmpck
config.status:1400: linking ../src/pintck to bin/pintck
config.status:1400: linking ../src/pcmpck to bin/pcmpck
config.status:1419: executing depfiles commands
config.status:1419: executing libtool commands

## ---------------- ##
## Cache variables. ##
## ---------------- ##

ac_cv_build=i686-pc-linux-gnu
ac_cv_c_compiler_gnu=yes
ac_cv_cxx_compiler_gnu=yes
ac_cv_env_CCC_set=
ac_cv_env_CCC_value=
ac_cv_env_CC_set=
ac_cv_env_CC_value=
ac_cv_env_CFLAGS_set=
ac_cv_env_CFLAGS_value=
ac_cv_env_CPPFLAGS_set=
ac_cv_env_CPPFLAGS_value=
ac_cv_env_CPP_set=
ac_cv_env_CPP_value=
ac_cv_env_CXXCPP_set=
ac_cv_env_CXXCPP_value=
ac_cv_env_CXXFLAGS_set=
ac_cv_env_CXXFLAGS_value=
ac_cv_env_CXX_set=
ac_cv_env_CXX_value=
ac_cv_env_LDFLAGS_set=
ac_cv_env_LDFLAGS_value=
ac_cv_env_LIBS_set=
ac_cv_env_LIBS_value=
ac_cv_env_build_alias_set=
ac_cv_env_build_alias_value=
ac_cv_env_host_alias_set=
ac_cv_env_host_alias_value=
ac_cv_env_target_alias_set=
ac_cv_env_target_alias_value=
ac_cv_header_dlfcn_h=yes
ac_cv_header_inttypes_h=yes
ac_cv_header_memory_h=yes
ac_cv_header_stdc=yes
ac_cv_header_stdint_h=yes
ac_cv_header_stdlib_h=yes
ac_cv_header_string_h=yes
ac_cv_header_strings_h=yes
ac_cv_header_sys_stat_h=yes
ac_cv_header_sys_types_h=yes
ac_cv_header_unistd_h=yes
ac_cv_host=i686-pc-linux-gnu
ac_cv_objext=o
ac_cv_path_EGREP='/bin/grep -E'
ac_cv_path_FGREP='/bin/grep -F'
ac_cv_path_GREP=/bin/grep
ac_cv_path_SED=/bin/sed
ac_cv_path_install='/usr/bin/install -c'
ac_cv_path_mkdir=/bin/mkdir
ac_cv_prog_AWK=gawk
ac_cv_prog_CPP='gcc -E'
ac_cv_prog_CXXCPP='g++ -E'
ac_cv_prog_ac_ct_AR=ar
ac_cv_prog_ac_ct_CC=gcc
ac_cv_prog_ac_ct_CXX=g++
ac_cv_prog_ac_ct_MANIFEST_TOOL=mt
ac_cv_prog_ac_ct_OBJDUMP=objdump
ac_cv_prog_ac_ct_RANLIB=ranlib
ac_cv_prog_ac_ct_STRIP=strip
ac_cv_prog_cc_c89=
ac_cv_prog_cc_g=yes
ac_cv_prog_cc_gcc_c_o=yes
ac_cv_prog_cxx_g=yes
ac_cv_prog_make_make_set=yes
am_cv_CC_dependencies_compiler_type=gcc3
am_cv_CXX_dependencies_compiler_type=gcc3
am_cv_ar_interface=ar
am_cv_make_support_nested_variables=yes
lt_cv_ar_at_file=@
lt_cv_archive_cmds_need_lc=no
lt_cv_deplibs_check_method=pass_all
lt_cv_file_magic_cmd='$MAGIC_CMD'
lt_cv_file_magic_test_file=
lt_cv_ld_reload_flag=-r
lt_cv_nm_interface='BSD nm'
lt_cv_objdir=.libs
lt_cv_path_LD=/usr/bin/ld
lt_cv_path_LDCXX=/usr/bin/ld
lt_cv_path_NM='/usr/bin/nm -B'
lt_cv_path_mainfest_tool=no
lt_cv_prog_compiler_c_o=yes
lt_cv_prog_compiler_c_o_CXX=yes
lt_cv_prog_compiler_pic='-fPIC -DPIC'
lt_cv_prog_compiler_pic_CXX='-fPIC -DPIC'
lt_cv_prog_compiler_pic_works=yes
lt_cv_prog_compiler_pic_works_CXX=yes
lt_cv_prog_compiler_rtti_exceptions=no
lt_cv_prog_compiler_static_works=yes
lt_cv_prog_compiler_static_works_CXX=yes
lt_cv_prog_gnu_ld=yes
lt_cv_prog_gnu_ldcxx=yes
lt_cv_sharedlib_from_linklib_cmd='printf %s\n'
lt_cv_shlibpath_overrides_runpath=no
lt_cv_sys_global_symbol_pipe='sed -n -e '\''s/^.*[	 ]\([ABCDGIRSTW][ABCDGIRSTW]*\)[	 ][	 ]*\([_A-Za-z][_A-Za-z0-9]*\)$/\1 \2 \2/p'\'' | sed '\''/ __gnu_lto/d'\'''
lt_cv_sys_global_symbol_to_c_name_address='sed -n -e '\''s/^: \([^ ]*\)[ ]*$/  {\"\1\", (void *) 0},/p'\'' -e '\''s/^[ABCDGIRSTW]* \([^ ]*\) \([^ ]*\)$/  {"\2", (void *) \&\2},/p'\'''
lt_cv_sys_global_symbol_to_c_name_address_lib_prefix='sed -n -e '\''s/^: \([^ ]*\)[ ]*$/  {\"\1\", (void *) 0},/p'\'' -e '\''s/^[ABCDGIRSTW]* \([^ ]*\) \(lib[^ ]*\)$/  {"\2", (void *) \&\2},/p'\'' -e '\''s/^[ABCDGIRSTW]* \([^ ]*\) \([^ ]*\)$/  {"lib\2", (void *) \&\2},/p'\'''
lt_cv_sys_global_symbol_to_cdecl='sed -n -e '\''s/^T .* \(.*\)$/extern int \1();/p'\'' -e '\''s/^[ABCDGIRSTW]* .* \(.*\)$/extern char \1;/p'\'''
lt_cv_sys_max_cmd_len=1572864
lt_cv_to_host_file_cmd=func_convert_file_noop
lt_cv_to_tool_file_cmd=func_convert_file_noop

## ----------------- ##
## Output variables. ##
## ----------------- ##

ACLOCAL='${SHELL} /home/hellok/kint/build-aux/missing --run aclocal-1.11'
AMDEPBACKSLASH='\'
AMDEP_FALSE='#'
AMDEP_TRUE=''
AMTAR='$${TAR-tar}'
AM_BACKSLASH='\'
AM_DEFAULT_V='$(AM_DEFAULT_VERBOSITY)'
AM_DEFAULT_VERBOSITY='0'
AM_V='$(V)'
AR='ar'
AUTOCONF='${SHELL} /home/hellok/kint/build-aux/missing --run autoconf'
AUTOHEADER='${SHELL} /home/hellok/kint/build-aux/missing --run autoheader'
AUTOMAKE='${SHELL} /home/hellok/kint/build-aux/missing --run automake-1.11'
AWK='gawk'
CC='gcc'
CCDEPMODE='depmode=gcc3'
CFLAGS='-g -O2'
CPP='gcc -E'
CPPFLAGS=' -I/home/hellok/llvm/include'
CXX='g++'
CXXCPP='g++ -E'
CXXDEPMODE='depmode=gcc3'
CXXFLAGS='-g -O2'
CYGPATH_W='echo'
DEFS='-DHAVE_CONFIG_H'
DEPDIR='.deps'
DLLTOOL='false'
DSYMUTIL=''
DUMPBIN=''
ECHO_C=''
ECHO_N='-n'
ECHO_T=''
EGREP='/bin/grep -E'
EXEEXT=''
FGREP='/bin/grep -F'
GREP='/bin/grep'
INSTALL_DATA='${INSTALL} -m 644'
INSTALL_PROGRAM='${INSTALL}'
INSTALL_SCRIPT='${INSTALL}'
INSTALL_STRIP_PROGRAM='$(install_sh) -c -s'
LD='/usr/bin/ld'
LDFLAGS=''
LIBOBJS=''
LIBS=''
LIBTOOL='$(SHELL) $(top_builddir)/libtool'
LIPO=''
LN_S='ln -s'
LTLIBOBJS=''
MAKEINFO='${SHELL} /home/hellok/kint/build-aux/missing --run makeinfo'
MANIFEST_TOOL=':'
MKDIR_P='/bin/mkdir -p'
NM='/usr/bin/nm -B'
NMEDIT=''
OBJDUMP='objdump'
OBJEXT='o'
OTOOL64=''
OTOOL=''
PACKAGE='kint'
PACKAGE_BUGREPORT='int@pdos.csail.mit.edu'
PACKAGE_NAME='kint'
PACKAGE_STRING='kint 0.3'
PACKAGE_TARNAME='kint'
PACKAGE_URL=''
PACKAGE_VERSION='0.3'
PATH_SEPARATOR=':'
RANLIB='ranlib'
SED='/bin/sed'
SET_MAKE=''
SHELL='/bin/bash'
STRIP='strip'
VERSION='0.3'
ac_ct_AR='ar'
ac_ct_CC='gcc'
ac_ct_CXX='g++'
ac_ct_DUMPBIN=''
am__EXEEXT_FALSE=''
am__EXEEXT_TRUE='#'
am__fastdepCC_FALSE='#'
am__fastdepCC_TRUE=''
am__fastdepCXX_FALSE='#'
am__fastdepCXX_TRUE=''
am__include='include'
am__isrc=' -I$(srcdir)'
am__leading_dot='.'
am__nodep='_no'
am__quote=''
am__tar='$${TAR-tar} chof - "$$tardir"'
am__untar='$${TAR-tar} xf -'
bindir='${exec_prefix}/bin'
build='i686-pc-linux-gnu'
build_alias=''
build_cpu='i686'
build_os='linux-gnu'
build_vendor='pc'
datadir='${datarootdir}'
datarootdir='${prefix}/share'
docdir='${datarootdir}/doc/${PACKAGE_TARNAME}'
dvidir='${docdir}'
exec_prefix='${prefix}'
host='i686-pc-linux-gnu'
host_alias=''
host_cpu='i686'
host_os='linux-gnu'
host_vendor='pc'
htmldir='${docdir}'
includedir='${prefix}/include'
infodir='${datarootdir}/info'
install_sh='${SHELL} /home/hellok/kint/build-aux/install-sh'
libdir='${exec_prefix}/lib'
libexecdir='${exec_prefix}/libexec'
localedir='${datarootdir}/locale'
localstatedir='${prefix}/var'
mandir='${datarootdir}/man'
mkdir_p='/bin/mkdir -p'
oldincludedir='/usr/include'
pdfdir='${docdir}'
prefix='/usr/local'
program_transform_name='s,x,x,'
psdir='${docdir}'
sbindir='${exec_prefix}/sbin'
sharedstatedir='${prefix}/com'
sysconfdir='${prefix}/etc'
target_alias=''

## ----------- ##
## confdefs.h. ##
## ----------- ##

/* confdefs.h */
#define PACKAGE_NAME "kint"
#define PACKAGE_TARNAME "kint"
#define PACKAGE_VERSION "0.3"
#define PACKAGE_STRING "kint 0.3"
#define PACKAGE_BUGREPORT "int@pdos.csail.mit.edu"
#define PACKAGE_URL ""
#define PACKAGE "kint"
#define VERSION "0.3"
#define STDC_HEADERS 1
#define HAVE_SYS_TYPES_H 1
#define HAVE_SYS_STAT_H 1
#define HAVE_STDLIB_H 1
#define HAVE_STRING_H 1
#define HAVE_MEMORY_H 1
#define HAVE_STRINGS_H 1
#define HAVE_INTTYPES_H 1
#define HAVE_STDINT_H 1
#define HAVE_UNISTD_H 1
#define HAVE_DLFCN_H 1
#define LT_OBJDIR ".libs/"

configure: exit 0
